# JRE version: Java(TM) SE Runtime Environment (7.0_21-b12) (build 1.7.0_21-b12)
# Java VM: OpenJDK 64-Bit Graal VM (25.0-b37-internal mixed mode bsd-amd64 compressed oops)
Heap:
 PSYoungGen      total 314368K, used 302350K [0x00000007eaa80000, 0x0000000800000000, 0x0000000800000000)
  eden space 282112K, 100% used [0x00000007eaa80000,0x00000007fbe00000,0x00000007fbe00000)
  from space 32256K, 62% used [0x00000007fbe00000,0x00000007fd1c38a0,0x00000007fdd80000)
  to   space 32256K, 47% used [0x00000007fe080000,0x00000007fef9e658,0x0000000800000000)
 ParOldGen       total 308224K, used 291366K [0x00000007c0000000, 0x00000007d2d00000, 0x00000007eaa80000)
  object space 308224K, 94% used [0x00000007c0000000,0x00000007d1c89848,0x00000007d2d00000)
 Metaspace total 15854K, used 15229K, reserved 18432K
  data space     14215K, used 13776K, reserved 16384K
  class space    1639K, used 1453K, reserved 2048K
GC Heap History (10 events):
Event: 20.603 GC heap after
Heap after GC invocations=82 (full 5):
 PSYoungGen      total 311808K, used 0K [0x00000007eaa80000, 0x00000007ffe80000, 0x0000000800000000)
  eden space 276480K, 0% used [0x00000007eaa80000,0x00000007eaa80000,0x00000007fb880000)
  from space 35328K, 0% used [0x00000007fb880000,0x00000007fb880000,0x00000007fdb00000)
  to   space 34304K, 0% used [0x00000007fdd00000,0x00000007fdd00000,0x00000007ffe80000)
 ParOldGen       total 308224K, used 262191K [0x00000007c0000000, 0x00000007d2d00000, 0x00000007eaa80000)
  object space 308224K, 85% used [0x00000007c0000000,0x00000007d000bff0,0x00000007d2d00000)
 Metaspace total 15502K, used 14861K, reserved 18432K
  data space     13895K, used 13439K, reserved 16384K
  class space    1607K, used 1422K, reserved 2048K
}
Event: 20.957 GC heap before
{Heap before GC invocations=83 (full 5):
 PSYoungGen      total 311808K, used 276480K [0x00000007eaa80000, 0x00000007ffe80000, 0x0000000800000000)
  eden space 276480K, 100% used [0x00000007eaa80000,0x00000007fb880000,0x00000007fb880000)
  from space 35328K, 0% used [0x00000007fb880000,0x00000007fb880000,0x00000007fdb00000)
  to   space 34304K, 0% used [0x00000007fdd00000,0x00000007fdd00000,0x00000007ffe80000)
 ParOldGen       total 308224K, used 262191K [0x00000007c0000000, 0x00000007d2d00000, 0x00000007eaa80000)
  object space 308224K, 85% used [0x00000007c0000000,0x00000007d000bff0,0x00000007d2d00000)
 Metaspace total 15566K, used 14902K, reserved 18432K
  data space     13959K, used 13478K, reserved 16384K
  class space    1607K, used 1423K, reserved 2048K
Event: 20.963 GC heap after
Heap after GC invocations=83 (full 5):
 PSYoungGen      total 313856K, used 6557K [0x00000007eaa80000, 0x00000007fff00000, 0x0000000800000000)
  eden space 279552K, 0% used [0x00000007eaa80000,0x00000007eaa80000,0x00000007fbb80000)
  from space 34304K, 19% used [0x00000007fdd00000,0x00000007fe3675a8,0x00000007ffe80000)
  to   space 34304K, 0% used [0x00000007fbb80000,0x00000007fbb80000,0x00000007fdd00000)
 ParOldGen       total 308224K, used 262199K [0x00000007c0000000, 0x00000007d2d00000, 0x00000007eaa80000)
  object space 308224K, 85% used [0x00000007c0000000,0x00000007d000dff0,0x00000007d2d00000)
 Metaspace total 15566K, used 14902K, reserved 18432K
  data space     13959K, used 13478K, reserved 16384K
  class space    1607K, used 1423K, reserved 2048K
}
Event: 21.303 GC heap before
{Heap before GC invocations=84 (full 5):
 PSYoungGen      total 313856K, used 286109K [0x00000007eaa80000, 0x00000007fff00000, 0x0000000800000000)
  eden space 279552K, 100% used [0x00000007eaa80000,0x00000007fbb80000,0x00000007fbb80000)
  from space 34304K, 19% used [0x00000007fdd00000,0x00000007fe3675a8,0x00000007ffe80000)
  to   space 34304K, 0% used [0x00000007fbb80000,0x00000007fbb80000,0x00000007fdd00000)
 ParOldGen       total 308224K, used 262199K [0x00000007c0000000, 0x00000007d2d00000, 0x00000007eaa80000)
  object space 308224K, 85% used [0x00000007c0000000,0x00000007d000dff0,0x00000007d2d00000)
 Metaspace total 15566K, used 14941K, reserved 18432K
  data space     13959K, used 13517K, reserved 16384K
  class space    1607K, used 1424K, reserved 2048K
Event: 21.310 GC heap after
Heap after GC invocations=84 (full 5):
 PSYoungGen      total 313856K, used 11372K [0x00000007eaa80000, 0x00000007ffe00000, 0x0000000800000000)
  eden space 279552K, 0% used [0x00000007eaa80000,0x00000007eaa80000,0x00000007fbb80000)
  from space 34304K, 33% used [0x00000007fbb80000,0x00000007fc69b180,0x00000007fdd00000)
  to   space 33280K, 0% used [0x00000007fdd80000,0x00000007fdd80000,0x00000007ffe00000)
 ParOldGen       total 308224K, used 262207K [0x00000007c0000000, 0x00000007d2d00000, 0x00000007eaa80000)
  object space 308224K, 85% used [0x00000007c0000000,0x00000007d000fff0,0x00000007d2d00000)
 Metaspace total 15566K, used 14941K, reserved 18432K
  data space     13959K, used 13517K, reserved 16384K
  class space    1607K, used 1424K, reserved 2048K
}
Event: 21.616 GC heap before
{Heap before GC invocations=85 (full 5):
 PSYoungGen      total 313856K, used 290924K [0x00000007eaa80000, 0x00000007ffe00000, 0x0000000800000000)
  eden space 279552K, 100% used [0x00000007eaa80000,0x00000007fbb80000,0x00000007fbb80000)
  from space 34304K, 33% used [0x00000007fbb80000,0x00000007fc69b180,0x00000007fdd00000)
  to   space 33280K, 0% used [0x00000007fdd80000,0x00000007fdd80000,0x00000007ffe00000)
 ParOldGen       total 308224K, used 262207K [0x00000007c0000000, 0x00000007d2d00000, 0x00000007eaa80000)
  object space 308224K, 85% used [0x00000007c0000000,0x00000007d000fff0,0x00000007d2d00000)
 Metaspace total 15638K, used 15008K, reserved 18432K
  data space     14023K, used 13576K, reserved 16384K
  class space    1615K, used 1432K, reserved 2048K
Event: 21.627 GC heap after
Heap after GC invocations=85 (full 5):
 PSYoungGen      total 314368K, used 17067K [0x00000007eaa80000, 0x00000007ffd00000, 0x0000000800000000)
  eden space 282112K, 0% used [0x00000007eaa80000,0x00000007eaa80000,0x00000007fbe00000)
  from space 32256K, 52% used [0x00000007fdd80000,0x00000007fee2acc0,0x00000007ffd00000)
  to   space 32256K, 0% used [0x00000007fbe00000,0x00000007fbe00000,0x00000007fdd80000)
 ParOldGen       total 308224K, used 262215K [0x00000007c0000000, 0x00000007d2d00000, 0x00000007eaa80000)
  object space 308224K, 85% used [0x00000007c0000000,0x00000007d0011ff0,0x00000007d2d00000)
 Metaspace total 15638K, used 15008K, reserved 18432K
  data space     14023K, used 13576K, reserved 16384K
  class space    1615K, used 1432K, reserved 2048K
}
Event: 22.198 GC heap before
{Heap before GC invocations=86 (full 5):
 PSYoungGen      total 314368K, used 299179K [0x00000007eaa80000, 0x00000007ffd00000, 0x0000000800000000)
  eden space 282112K, 100% used [0x00000007eaa80000,0x00000007fbe00000,0x00000007fbe00000)
  from space 32256K, 52% used [0x00000007fdd80000,0x00000007fee2acc0,0x00000007ffd00000)
  to   space 32256K, 0% used [0x00000007fbe00000,0x00000007fbe00000,0x00000007fdd80000)
 ParOldGen       total 308224K, used 276483K [0x00000007c0000000, 0x00000007d2d00000, 0x00000007eaa80000)
  object space 308224K, 89% used [0x00000007c0000000,0x00000007d0e00f68,0x00000007d2d00000)
 Metaspace total 15854K, used 15224K, reserved 18432K
  data space     14215K, used 13770K, reserved 16384K
  class space    1639K, used 1453K, reserved 2048K
Event: 22.215 GC heap after
Heap after GC invocations=86 (full 5):
 PSYoungGen      total 314368K, used 20238K [0x00000007eaa80000, 0x0000000800000000, 0x0000000800000000)
  eden space 282112K, 0% used [0x00000007eaa80000,0x00000007eaa80000,0x00000007fbe00000)
  from space 32256K, 62% used [0x00000007fbe00000,0x00000007fd1c38a0,0x00000007fdd80000)
  to   space 32256K, 0% used [0x00000007fe080000,0x00000007fe080000,0x0000000800000000)
 ParOldGen       total 308224K, used 282314K [0x00000007c0000000, 0x00000007d2d00000, 0x00000007eaa80000)
  object space 308224K, 91% used [0x00000007c0000000,0x00000007d13b2910,0x00000007d2d00000)
 Metaspace total 15854K, used 15224K, reserved 18432K
  data space     14215K, used 13770K, reserved 16384K
  class space    1639K, used 1453K, reserved 2048K
}
Event: 22.286 GC heap before
{Heap before GC invocations=87 (full 5):
 PSYoungGen      total 314368K, used 302350K [0x00000007eaa80000, 0x0000000800000000, 0x0000000800000000)
  eden space 282112K, 100% used [0x00000007eaa80000,0x00000007fbe00000,0x00000007fbe00000)
  from space 32256K, 62% used [0x00000007fbe00000,0x00000007fd1c38a0,0x00000007fdd80000)
  to   space 32256K, 0% used [0x00000007fe080000,0x00000007fe080000,0x0000000800000000)
 ParOldGen       total 308224K, used 286354K [0x00000007c0000000, 0x00000007d2d00000, 0x00000007eaa80000)
  object space 308224K, 92% used [0x00000007c0000000,0x00000007d17a4858,0x00000007d2d00000)
 Metaspace total 15854K, used 15229K, reserved 18432K
  data space     14215K, used 13776K, reserved 16384K
  class space    1639K, used 1453K, reserved 2048K

